<?xml version="1.0" encoding="UTF-8"?>
<testsuite name="com.aakash.euler.solutions.Problem10Test" tests="1" skipped="0" failures="0" errors="0" timestamp="2025-06-01T13:05:34" hostname="devbox" time="1.979">
  <properties/>
  <testcase name="testSolve" classname="com.aakash.euler.solutions.Problem10Test" time="1.979"/>
  <system-out><![CDATA[]]></system-out>
  <system-err><![CDATA[]]></system-err>
</testsuite>
